Using pre-set license
Built from '2020.3/staging' branch; Version is '2020.3.25f1 (9b9180224418) revision 10195328'; Using compiler version '192528614'; Build Type 'Release'
OS: 'Windows 10  (10.0.19044) 64bit Professional' Language: 'ko' Physical Memory: 16265 MB
BatchMode: 1, IsHumanControllingUs: 0, StartBugReporterOnCrash: 0, Is64bit: 1, IsPro: 0

COMMAND LINE ARGUMENTS:
C:\Program Files\Unity\Hub\Editor\2020.3.25f1\Editor\Unity.exe
-adb2
-batchMode
-noUpm
-name
AssetImportWorker0
-projectPath
C:/Users/User/Documents/GitHub/UnityLessonBasic_Projects/New Unity Project (2)
-logFile
Logs/AssetImportWorker0.log
-srvPort
49887
Successfully changed project path to: C:/Users/User/Documents/GitHub/UnityLessonBasic_Projects/New Unity Project (2)
C:/Users/User/Documents/GitHub/UnityLessonBasic_Projects/New Unity Project (2)
Using Asset Import Pipeline V2.
Refreshing native plugins compatible for Editor in 43.94 ms, found 3 plugins.
Preloading 0 native plugins for Editor in 0.00 ms.
Initialize engine version: 2020.3.25f1 (9b9180224418)
[Subsystems] Discovering subsystems at path C:/Program Files/Unity/Hub/Editor/2020.3.25f1/Editor/Data/Resources/UnitySubsystems
[Subsystems] Discovering subsystems at path C:/Users/User/Documents/GitHub/UnityLessonBasic_Projects/New Unity Project (2)/Assets
GfxDevice: creating device client; threaded=0
Direct3D:
    Version:  Direct3D 11.0 [level 11.1]
    Renderer: NVIDIA GeForce GTX 1660 SUPER (ID=0x21c4)
    Vendor:   
    VRAM:     5991 MB
    Driver:   30.0.14.9729
Initialize mono
Mono path[0] = 'C:/Program Files/Unity/Hub/Editor/2020.3.25f1/Editor/Data/Managed'
Mono path[1] = 'C:/Program Files/Unity/Hub/Editor/2020.3.25f1/Editor/Data/MonoBleedingEdge/lib/mono/unityjit'
Mono config path = 'C:/Program Files/Unity/Hub/Editor/2020.3.25f1/Editor/Data/MonoBleedingEdge/etc'
Using monoOptions --debugger-agent=transport=dt_socket,embedding=1,server=y,suspend=n,address=127.0.0.1:56328
Begin MonoManager ReloadAssembly
Registering precompiled unity dll's ...
Register platform support module: C:/Program Files/Unity/Hub/Editor/2020.3.25f1/Editor/Data/PlaybackEngines/WindowsStandaloneSupport/UnityEditor.WindowsStandalone.Extensions.dll
Registered in 0.000838 seconds.
Native extension for WindowsStandalone target not found
Refreshing native plugins compatible for Editor in 42.34 ms, found 3 plugins.
Preloading 0 native plugins for Editor in 0.00 ms.
Mono: successfully reloaded assembly
- Completed reload, in  0.518 seconds
Domain Reload Profiling:
	ReloadAssembly (518ms)
		BeginReloadAssembly (42ms)
			ExecutionOrderSort (0ms)
			DisableScriptedObjects (0ms)
			BackupInstance (0ms)
			ReleaseScriptingObjects (0ms)
			CreateAndSetChildDomain (1ms)
		EndReloadAssembly (412ms)
			LoadAssemblies (41ms)
			RebuildTransferFunctionScriptingTraits (0ms)
			SetupTypeCache (132ms)
			ReleaseScriptCaches (0ms)
			RebuildScriptCaches (26ms)
			SetupLoadedEditorAssemblies (164ms)
				LogAssemblyErrors (0ms)
				InitializePlatformSupportModulesInManaged (3ms)
				SetLoadedEditorAssemblies (0ms)
				RefreshPlugins (42ms)
				BeforeProcessingInitializeOnLoad (13ms)
				ProcessInitializeOnLoadAttributes (75ms)
				ProcessInitializeOnLoadMethodAttributes (30ms)
				AfterProcessingInitializeOnLoad (0ms)
				EditorAssembliesLoaded (0ms)
			ExecutionOrderSort2 (0ms)
			AwakeInstancesAfterBackupRestoration (0ms)
Platform modules already initialized, skipping
Registering precompiled user dll's ...
Registered in 0.002052 seconds.
Begin MonoManager ReloadAssembly
Native extension for WindowsStandalone target not found
Refreshing native plugins compatible for Editor in 48.54 ms, found 3 plugins.
Preloading 0 native plugins for Editor in 0.00 ms.
Mono: successfully reloaded assembly
- Completed reload, in  0.979 seconds
Domain Reload Profiling:
	ReloadAssembly (979ms)
		BeginReloadAssembly (119ms)
			ExecutionOrderSort (0ms)
			DisableScriptedObjects (4ms)
			BackupInstance (0ms)
			ReleaseScriptingObjects (0ms)
			CreateAndSetChildDomain (15ms)
		EndReloadAssembly (811ms)
			LoadAssemblies (71ms)
			RebuildTransferFunctionScriptingTraits (0ms)
			SetupTypeCache (272ms)
			ReleaseScriptCaches (0ms)
			RebuildScriptCaches (38ms)
			SetupLoadedEditorAssemblies (311ms)
				LogAssemblyErrors (0ms)
				InitializePlatformSupportModulesInManaged (4ms)
				SetLoadedEditorAssemblies (0ms)
				RefreshPlugins (49ms)
				BeforeProcessingInitializeOnLoad (72ms)
				ProcessInitializeOnLoadAttributes (170ms)
				ProcessInitializeOnLoadMethodAttributes (14ms)
				AfterProcessingInitializeOnLoad (2ms)
				EditorAssembliesLoaded (0ms)
			ExecutionOrderSort2 (0ms)
			AwakeInstancesAfterBackupRestoration (10ms)
Platform modules already initialized, skipping
========================================================================
Worker process is ready to serve import requests
Launched and connected shader compiler UnityShaderCompiler.exe after 0.03 seconds
Refreshing native plugins compatible for Editor in 0.41 ms, found 3 plugins.
Preloading 0 native plugins for Editor in 0.00 ms.
Unloading 2194 Unused Serialized files (Serialized files now loaded: 0)
System memory in use before: 96.5 MB.
System memory in use after: 96.6 MB.

Unloading 28 unused Assets to reduce memory usage. Loaded Objects now: 2627.
Total: 2.495600 ms (FindLiveObjects: 0.157900 ms CreateObjectMapping: 0.060600 ms MarkObjects: 2.215900 ms  DeleteObjects: 0.060200 ms)

AssetImportParameters requested are different than current active one (requested -> active):
  custom:framework-win-MediaFoundation: 216162199b28c13a410421893ffa2e32 -> 
  custom:video-decoder-ogg-theora: a1e56fd34408186e4bbccfd4996cb3dc -> 
  custom:container-muxer-webm: aa71ff27fc2769a1b78a27578f13a17b -> 
  custom:container-demuxer-webm: 4f35f7cbe854078d1ac9338744f61a02 -> 
  custom:container-demuxer-ogg: 62fdf1f143b41e24485cea50d1cbac27 -> 
  custom:video-encoder-webm-vp8: eb34c28f22e8b96e1ab97ce403110664 -> 
  custom:video-decoder-webm-vp8: 9c59270c3fd7afecdb556c50c9e8de78 -> 
  custom:audio-decoder-ogg-vorbis: bf7c407c2cedff20999df2af8eb42d56 -> 
  custom:audio-encoder-webm-vorbis: bf7c407c2cedff20999df2af8eb42d56 -> 
========================================================================
Received Import Request.
  path: Assets/New Animator Controller.controller
  artifactKey: Guid(df95fc4244fa40740b2d9f71585fce77) Importer(815301076,1909f56bfc062723c751e8b465ee728b)
Start importing Assets/New Animator Controller.controller using Guid(df95fc4244fa40740b2d9f71585fce77) Importer(815301076,1909f56bfc062723c751e8b465ee728b)  -> (artifact id: '73d45ca1b5d634e3ba1e57c2a0b85b9c') in 0.026034 seconds 
  Import took 0.028912 seconds .

========================================================================
Received Import Request.
  Time since last request: 21.997102 seconds.
  path: Assets
  artifactKey: Guid(00000000000000001000000000000000) Importer(815301076,1909f56bfc062723c751e8b465ee728b)
Start importing Assets using Guid(00000000000000001000000000000000) Importer(815301076,1909f56bfc062723c751e8b465ee728b)  -> (artifact id: '42d402b061de3733987d63b9cc3b64de') in 0.001001 seconds 
  Import took 0.003958 seconds .

========================================================================
Received Import Request.
  Time since last request: 208.568829 seconds.
  path: Assets/Run.anim
  artifactKey: Guid(b3de4a91c23393344b9d02d99008458d) Importer(815301076,1909f56bfc062723c751e8b465ee728b)
Start importing Assets/Run.anim using Guid(b3de4a91c23393344b9d02d99008458d) Importer(815301076,1909f56bfc062723c751e8b465ee728b)  -> (artifact id: '65540e95a41a626bce51166fa2300f40') in 0.003516 seconds 
  Import took 0.011092 seconds .

========================================================================
Received Import Request.
  Time since last request: 176.963011 seconds.
  path: Assets/Square.controller
  artifactKey: Guid(64b922eef951bd54fafd7e47b11f7779) Importer(815301076,1909f56bfc062723c751e8b465ee728b)
Start importing Assets/Square.controller using Guid(64b922eef951bd54fafd7e47b11f7779) Importer(815301076,1909f56bfc062723c751e8b465ee728b)  -> (artifact id: '877e1437e81b6563a2eeec374a741082') in 0.001989 seconds 
  Import took 0.007637 seconds .

========================================================================
Received Import Request.
  Time since last request: 18.818621 seconds.
  path: Assets/10.Animation
  artifactKey: Guid(cd0acd135255a7c4bbb964f30b339718) Importer(815301076,1909f56bfc062723c751e8b465ee728b)
Start importing Assets/10.Animation using Guid(cd0acd135255a7c4bbb964f30b339718) Importer(815301076,1909f56bfc062723c751e8b465ee728b)  -> (artifact id: 'df0392f59c333dad36834b5d8bda6899') in 0.001121 seconds 
  Import took 0.004134 seconds .

========================================================================
Received Import Request.
  Time since last request: 29.311639 seconds.
  path: Assets/02.Script
  artifactKey: Guid(430575f052787de4489d8e5d487fbf3a) Importer(815301076,1909f56bfc062723c751e8b465ee728b)
Start importing Assets/02.Script using Guid(430575f052787de4489d8e5d487fbf3a) Importer(815301076,1909f56bfc062723c751e8b465ee728b)  -> (artifact id: '99fc3f074edcfbe9e3525aa89b2b9745') in 0.001114 seconds 
  Import took 0.003976 seconds .

========================================================================
Received Import Request.
  Time since last request: 24.563027 seconds.
  path: Assets/02.Script/Player.cs
  artifactKey: Guid(db19aac40cd13da43a6550ad2f234d2f) Importer(815301076,1909f56bfc062723c751e8b465ee728b)
Start importing Assets/02.Script/Player.cs using Guid(db19aac40cd13da43a6550ad2f234d2f) Importer(815301076,1909f56bfc062723c751e8b465ee728b)  -> (artifact id: '9a4f0b9b36b06cf0116a3e18eb6ec864') in 0.007115 seconds 
  Import took 0.009446 seconds .

========================================================================
Received Prepare
Registering precompiled user dll's ...
Registered in 0.001777 seconds.
Begin MonoManager ReloadAssembly
Native extension for WindowsStandalone target not found
Refreshing native plugins compatible for Editor in 0.34 ms, found 3 plugins.
Preloading 0 native plugins for Editor in 0.00 ms.
Mono: successfully reloaded assembly
- Completed reload, in  0.639 seconds
Domain Reload Profiling:
	ReloadAssembly (639ms)
		BeginReloadAssembly (74ms)
			ExecutionOrderSort (0ms)
			DisableScriptedObjects (4ms)
			BackupInstance (0ms)
			ReleaseScriptingObjects (0ms)
			CreateAndSetChildDomain (24ms)
		EndReloadAssembly (528ms)
			LoadAssemblies (54ms)
			RebuildTransferFunctionScriptingTraits (0ms)
			SetupTypeCache (189ms)
			ReleaseScriptCaches (1ms)
			RebuildScriptCaches (27ms)
			SetupLoadedEditorAssemblies (193ms)
				LogAssemblyErrors (0ms)
				InitializePlatformSupportModulesInManaged (3ms)
				SetLoadedEditorAssemblies (0ms)
				RefreshPlugins (0ms)
				BeforeProcessingInitializeOnLoad (54ms)
				ProcessInitializeOnLoadAttributes (126ms)
				ProcessInitializeOnLoadMethodAttributes (7ms)
				AfterProcessingInitializeOnLoad (2ms)
				EditorAssembliesLoaded (0ms)
			ExecutionOrderSort2 (0ms)
			AwakeInstancesAfterBackupRestoration (7ms)
Platform modules already initialized, skipping
Refreshing native plugins compatible for Editor in 0.32 ms, found 3 plugins.
Preloading 0 native plugins for Editor in 0.00 ms.
Unloading 2184 Unused Serialized files (Serialized files now loaded: 0)
System memory in use before: 95.9 MB.
System memory in use after: 96.0 MB.

Unloading 17 unused Assets to reduce memory usage. Loaded Objects now: 2630.
Total: 2.004000 ms (FindLiveObjects: 0.182800 ms CreateObjectMapping: 0.051600 ms MarkObjects: 1.754000 ms  DeleteObjects: 0.014500 ms)

AssetImportParameters requested are different than current active one (requested -> active):
  custom:framework-win-MediaFoundation: 216162199b28c13a410421893ffa2e32 -> 
  custom:video-decoder-ogg-theora: a1e56fd34408186e4bbccfd4996cb3dc -> 
  custom:container-muxer-webm: aa71ff27fc2769a1b78a27578f13a17b -> 
  custom:container-demuxer-webm: 4f35f7cbe854078d1ac9338744f61a02 -> 
  custom:container-demuxer-ogg: 62fdf1f143b41e24485cea50d1cbac27 -> 
  custom:video-encoder-webm-vp8: eb34c28f22e8b96e1ab97ce403110664 -> 
  custom:video-decoder-webm-vp8: 9c59270c3fd7afecdb556c50c9e8de78 -> 
  custom:audio-decoder-ogg-vorbis: bf7c407c2cedff20999df2af8eb42d56 -> 
  custom:audio-encoder-webm-vorbis: bf7c407c2cedff20999df2af8eb42d56 -> 
========================================================================
Received Prepare
Registering precompiled user dll's ...
Registered in 0.001606 seconds.
Begin MonoManager ReloadAssembly
Native extension for WindowsStandalone target not found
Refreshing native plugins compatible for Editor in 0.38 ms, found 3 plugins.
Preloading 0 native plugins for Editor in 0.00 ms.
Mono: successfully reloaded assembly
- Completed reload, in  0.631 seconds
Domain Reload Profiling:
	ReloadAssembly (631ms)
		BeginReloadAssembly (86ms)
			ExecutionOrderSort (0ms)
			DisableScriptedObjects (4ms)
			BackupInstance (0ms)
			ReleaseScriptingObjects (0ms)
			CreateAndSetChildDomain (24ms)
		EndReloadAssembly (508ms)
			LoadAssemblies (62ms)
			RebuildTransferFunctionScriptingTraits (0ms)
			SetupTypeCache (182ms)
			ReleaseScriptCaches (1ms)
			RebuildScriptCaches (26ms)
			SetupLoadedEditorAssemblies (187ms)
				LogAssemblyErrors (0ms)
				InitializePlatformSupportModulesInManaged (3ms)
				SetLoadedEditorAssemblies (0ms)
				RefreshPlugins (0ms)
				BeforeProcessingInitializeOnLoad (50ms)
				ProcessInitializeOnLoadAttributes (125ms)
				ProcessInitializeOnLoadMethodAttributes (7ms)
				AfterProcessingInitializeOnLoad (2ms)
				EditorAssembliesLoaded (0ms)
			ExecutionOrderSort2 (0ms)
			AwakeInstancesAfterBackupRestoration (5ms)
Platform modules already initialized, skipping
Refreshing native plugins compatible for Editor in 0.35 ms, found 3 plugins.
Preloading 0 native plugins for Editor in 0.00 ms.
Unloading 2185 Unused Serialized files (Serialized files now loaded: 0)
System memory in use before: 96.0 MB.
System memory in use after: 96.1 MB.

Unloading 17 unused Assets to reduce memory usage. Loaded Objects now: 2633.
Total: 1.954500 ms (FindLiveObjects: 0.127200 ms CreateObjectMapping: 0.041200 ms MarkObjects: 1.774800 ms  DeleteObjects: 0.010800 ms)

AssetImportParameters requested are different than current active one (requested -> active):
  custom:framework-win-MediaFoundation: 216162199b28c13a410421893ffa2e32 -> 
  custom:video-decoder-ogg-theora: a1e56fd34408186e4bbccfd4996cb3dc -> 
  custom:container-muxer-webm: aa71ff27fc2769a1b78a27578f13a17b -> 
  custom:container-demuxer-webm: 4f35f7cbe854078d1ac9338744f61a02 -> 
  custom:container-demuxer-ogg: 62fdf1f143b41e24485cea50d1cbac27 -> 
  custom:video-encoder-webm-vp8: eb34c28f22e8b96e1ab97ce403110664 -> 
  custom:video-decoder-webm-vp8: 9c59270c3fd7afecdb556c50c9e8de78 -> 
  custom:audio-decoder-ogg-vorbis: bf7c407c2cedff20999df2af8eb42d56 -> 
  custom:audio-encoder-webm-vorbis: bf7c407c2cedff20999df2af8eb42d56 -> 
========================================================================
Received Import Request.
  Time since last request: 45.029453 seconds.
  path: Assets/02.Script/En.cs
  artifactKey: Guid(034f78baed69f7f45b8d04197a4ffdfa) Importer(815301076,1909f56bfc062723c751e8b465ee728b)
Start importing Assets/02.Script/En.cs using Guid(034f78baed69f7f45b8d04197a4ffdfa) Importer(815301076,1909f56bfc062723c751e8b465ee728b)  -> (artifact id: '7fe49b87d668eb89228598053893c946') in 0.003844 seconds 
  Import took 0.008244 seconds .

========================================================================
Received Import Request.
  Time since last request: 48.053627 seconds.
  path: Assets/02.Script/Enemy.cs
  artifactKey: Guid(034f78baed69f7f45b8d04197a4ffdfa) Importer(815301076,1909f56bfc062723c751e8b465ee728b)
Start importing Assets/02.Script/Enemy.cs using Guid(034f78baed69f7f45b8d04197a4ffdfa) Importer(815301076,1909f56bfc062723c751e8b465ee728b)  -> (artifact id: '15267275c365bce8c247581cd1745283') in 0.001066 seconds 
  Import took 0.005048 seconds .

========================================================================
Received Import Request.
  Time since last request: 15.683889 seconds.
  path: Assets/02.Script/NewBehaviourScript.cs
  artifactKey: Guid(bf8f713bc4eebc146a6451a3a884a98a) Importer(815301076,1909f56bfc062723c751e8b465ee728b)
Start importing Assets/02.Script/NewBehaviourScript.cs using Guid(bf8f713bc4eebc146a6451a3a884a98a) Importer(815301076,1909f56bfc062723c751e8b465ee728b)  -> (artifact id: '7e65e1034192f18ed20a784e3bb41c97') in 0.000961 seconds 
  Import took 0.003953 seconds .

========================================================================
Received Import Request.
  Time since last request: 20.142860 seconds.
  path: Assets/02.Script/NewBehaviourScript.cs
  artifactKey: Guid(bf8f713bc4eebc146a6451a3a884a98a) Importer(815301076,1909f56bfc062723c751e8b465ee728b)
Start importing Assets/02.Script/NewBehaviourScript.cs using Guid(bf8f713bc4eebc146a6451a3a884a98a) Importer(815301076,1909f56bfc062723c751e8b465ee728b)  -> (artifact id: '0ae0fd95fa527bbcc4246fdfc8e9f948') in 0.001078 seconds 
  Import took 0.005915 seconds .

========================================================================
Received Import Request.
  Time since last request: 4.977583 seconds.
  path: Assets/02.Script/NewBehaviourScript.cs
  artifactKey: Guid(bf8f713bc4eebc146a6451a3a884a98a) Importer(815301076,1909f56bfc062723c751e8b465ee728b)
Start importing Assets/02.Script/NewBehaviourScript.cs using Guid(bf8f713bc4eebc146a6451a3a884a98a) Importer(815301076,1909f56bfc062723c751e8b465ee728b)  -> (artifact id: 'b462aa646c210c74cc6211dbdf965af1') in 0.000847 seconds 
  Import took 0.004237 seconds .

========================================================================
Received Import Request.
  Time since last request: 21.262270 seconds.
  path: Assets/02.Script/NewBehaviourScript.cs
  artifactKey: Guid(bf8f713bc4eebc146a6451a3a884a98a) Importer(815301076,1909f56bfc062723c751e8b465ee728b)
Start importing Assets/02.Script/NewBehaviourScript.cs using Guid(bf8f713bc4eebc146a6451a3a884a98a) Importer(815301076,1909f56bfc062723c751e8b465ee728b)  -> (artifact id: '9e05b922713d9487e524b0dfee2544e2') in 0.000935 seconds 
  Import took 0.004698 seconds .

========================================================================
Received Import Request.
  Time since last request: 12.871314 seconds.
  path: Assets/02.Script/Player.cs
  artifactKey: Guid(db19aac40cd13da43a6550ad2f234d2f) Importer(815301076,1909f56bfc062723c751e8b465ee728b)
Start importing Assets/02.Script/Player.cs using Guid(db19aac40cd13da43a6550ad2f234d2f) Importer(815301076,1909f56bfc062723c751e8b465ee728b)  -> (artifact id: '4c03b82796d64b728d2859d7aa42fed6') in 0.001100 seconds 
  Import took 0.004861 seconds .

========================================================================
Received Import Request.
  Time since last request: 24.472258 seconds.
  path: Assets/02.Script/EnemyController.cs
  artifactKey: Guid(bf8f713bc4eebc146a6451a3a884a98a) Importer(815301076,1909f56bfc062723c751e8b465ee728b)
Start importing Assets/02.Script/EnemyController.cs using Guid(bf8f713bc4eebc146a6451a3a884a98a) Importer(815301076,1909f56bfc062723c751e8b465ee728b)  -> (artifact id: '732ec4093c8d6ad4c3c854db3ccb1019') in 0.000898 seconds 
  Import took 0.003746 seconds .

========================================================================
Received Import Request.
  Time since last request: 39.462782 seconds.
  path: Assets/02.Script/PlayerContrall.cs
  artifactKey: Guid(f18ec64b7d37b63449c7c1597bef6e4d) Importer(815301076,1909f56bfc062723c751e8b465ee728b)
Start importing Assets/02.Script/PlayerContrall.cs using Guid(f18ec64b7d37b63449c7c1597bef6e4d) Importer(815301076,1909f56bfc062723c751e8b465ee728b)  -> (artifact id: 'bd48016fe36f72b11e43135a61f4057e') in 0.001636 seconds 
  Import took 0.005064 seconds .

========================================================================
Received Import Request.
  Time since last request: 50.680968 seconds.
  path: Assets/02.Script/PlayerController.cs
  artifactKey: Guid(f18ec64b7d37b63449c7c1597bef6e4d) Importer(815301076,1909f56bfc062723c751e8b465ee728b)
Start importing Assets/02.Script/PlayerController.cs using Guid(f18ec64b7d37b63449c7c1597bef6e4d) Importer(815301076,1909f56bfc062723c751e8b465ee728b)  -> (artifact id: '06441ff01d54be92a9f864537c0437e6') in 0.000905 seconds 
  Import took 0.005931 seconds .

========================================================================
Received Import Request.
  Time since last request: 17.590161 seconds.
  path: Assets/02.Script/NewBehaviourScript.cs
  artifactKey: Guid(58215fcb511c75943bd1f184e895795f) Importer(815301076,1909f56bfc062723c751e8b465ee728b)
Start importing Assets/02.Script/NewBehaviourScript.cs using Guid(58215fcb511c75943bd1f184e895795f) Importer(815301076,1909f56bfc062723c751e8b465ee728b)  -> (artifact id: '6ddd6d1eb27c4a7e6da6c51c3a48e7d5') in 0.001587 seconds 
  Import took 0.004808 seconds .

========================================================================
Received Import Request.
  Time since last request: 105.225369 seconds.
  path: Assets/02.Script/PlayerGroundDetector.cs
  artifactKey: Guid(58215fcb511c75943bd1f184e895795f) Importer(815301076,1909f56bfc062723c751e8b465ee728b)
Start importing Assets/02.Script/PlayerGroundDetector.cs using Guid(58215fcb511c75943bd1f184e895795f) Importer(815301076,1909f56bfc062723c751e8b465ee728b)  -> (artifact id: '51e39025d1d55688199c5533a307fc29') in 0.000846 seconds 
  Import took 0.004371 seconds .

========================================================================
Received Prepare
Registering precompiled user dll's ...
Registered in 0.001674 seconds.
Begin MonoManager ReloadAssembly
Native extension for WindowsStandalone target not found
Refreshing native plugins compatible for Editor in 0.35 ms, found 3 plugins.
Preloading 0 native plugins for Editor in 0.00 ms.
Mono: successfully reloaded assembly
- Completed reload, in  0.624 seconds
Domain Reload Profiling:
	ReloadAssembly (624ms)
		BeginReloadAssembly (91ms)
			ExecutionOrderSort (0ms)
			DisableScriptedObjects (4ms)
			BackupInstance (0ms)
			ReleaseScriptingObjects (0ms)
			CreateAndSetChildDomain (26ms)
		EndReloadAssembly (495ms)
			LoadAssemblies (52ms)
			RebuildTransferFunctionScriptingTraits (0ms)
			SetupTypeCache (177ms)
			ReleaseScriptCaches (1ms)
			RebuildScriptCaches (24ms)
			SetupLoadedEditorAssemblies (182ms)
				LogAssemblyErrors (0ms)
				InitializePlatformSupportModulesInManaged (3ms)
				SetLoadedEditorAssemblies (0ms)
				RefreshPlugins (0ms)
				BeforeProcessingInitializeOnLoad (50ms)
				ProcessInitializeOnLoadAttributes (120ms)
				ProcessInitializeOnLoadMethodAttributes (7ms)
				AfterProcessingInitializeOnLoad (2ms)
				EditorAssembliesLoaded (0ms)
			ExecutionOrderSort2 (0ms)
			AwakeInstancesAfterBackupRestoration (5ms)
Platform modules already initialized, skipping
Refreshing native plugins compatible for Editor in 0.28 ms, found 3 plugins.
Preloading 0 native plugins for Editor in 0.00 ms.
Unloading 2189 Unused Serialized files (Serialized files now loaded: 0)
System memory in use before: 96.1 MB.
System memory in use after: 96.2 MB.

Unloading 17 unused Assets to reduce memory usage. Loaded Objects now: 2639.
Total: 1.868900 ms (FindLiveObjects: 0.119500 ms CreateObjectMapping: 0.043800 ms MarkObjects: 1.694100 ms  DeleteObjects: 0.011000 ms)

AssetImportParameters requested are different than current active one (requested -> active):
  custom:framework-win-MediaFoundation: 216162199b28c13a410421893ffa2e32 -> 
  custom:video-decoder-ogg-theora: a1e56fd34408186e4bbccfd4996cb3dc -> 
  custom:container-muxer-webm: aa71ff27fc2769a1b78a27578f13a17b -> 
  custom:container-demuxer-webm: 4f35f7cbe854078d1ac9338744f61a02 -> 
  custom:container-demuxer-ogg: 62fdf1f143b41e24485cea50d1cbac27 -> 
  custom:video-encoder-webm-vp8: eb34c28f22e8b96e1ab97ce403110664 -> 
  custom:video-decoder-webm-vp8: 9c59270c3fd7afecdb556c50c9e8de78 -> 
  custom:audio-decoder-ogg-vorbis: bf7c407c2cedff20999df2af8eb42d56 -> 
  custom:audio-encoder-webm-vorbis: bf7c407c2cedff20999df2af8eb42d56 -> 
========================================================================
Received Import Request.
  Time since last request: 38.335582 seconds.
  path: Assets/02.Script/NewBehaviourScript.cs
  artifactKey: Guid(04e20c1db1b7eec409d181387ebbed7d) Importer(815301076,1909f56bfc062723c751e8b465ee728b)
Start importing Assets/02.Script/NewBehaviourScript.cs using Guid(04e20c1db1b7eec409d181387ebbed7d) Importer(815301076,1909f56bfc062723c751e8b465ee728b)  -> (artifact id: 'e78be24160507f3523225aaa46efec89') in 0.003880 seconds 
  Import took 0.008656 seconds .

========================================================================
Received Prepare
Registering precompiled user dll's ...
Registered in 0.001626 seconds.
Begin MonoManager ReloadAssembly
Native extension for WindowsStandalone target not found
Refreshing native plugins compatible for Editor in 0.36 ms, found 3 plugins.
Preloading 0 native plugins for Editor in 0.00 ms.
Mono: successfully reloaded assembly
- Completed reload, in  0.651 seconds
Domain Reload Profiling:
	ReloadAssembly (651ms)
		BeginReloadAssembly (75ms)
			ExecutionOrderSort (0ms)
			DisableScriptedObjects (4ms)
			BackupInstance (0ms)
			ReleaseScriptingObjects (0ms)
			CreateAndSetChildDomain (22ms)
		EndReloadAssembly (538ms)
			LoadAssemblies (53ms)
			RebuildTransferFunctionScriptingTraits (0ms)
			SetupTypeCache (191ms)
			ReleaseScriptCaches (1ms)
			RebuildScriptCaches (27ms)
			SetupLoadedEditorAssemblies (203ms)
				LogAssemblyErrors (0ms)
				InitializePlatformSupportModulesInManaged (3ms)
				SetLoadedEditorAssemblies (0ms)
				RefreshPlugins (0ms)
				BeforeProcessingInitializeOnLoad (54ms)
				ProcessInitializeOnLoadAttributes (136ms)
				ProcessInitializeOnLoadMethodAttributes (7ms)
				AfterProcessingInitializeOnLoad (2ms)
				EditorAssembliesLoaded (0ms)
			ExecutionOrderSort2 (0ms)
			AwakeInstancesAfterBackupRestoration (6ms)
Platform modules already initialized, skipping
Refreshing native plugins compatible for Editor in 0.35 ms, found 3 plugins.
Preloading 0 native plugins for Editor in 0.00 ms.
Unloading 2188 Unused Serialized files (Serialized files now loaded: 0)
System memory in use before: 96.1 MB.
System memory in use after: 96.2 MB.

Unloading 18 unused Assets to reduce memory usage. Loaded Objects now: 2640.
Total: 1.958200 ms (FindLiveObjects: 0.137300 ms CreateObjectMapping: 0.046500 ms MarkObjects: 1.758100 ms  DeleteObjects: 0.015300 ms)

AssetImportParameters requested are different than current active one (requested -> active):
  custom:framework-win-MediaFoundation: 216162199b28c13a410421893ffa2e32 -> 
  custom:video-decoder-ogg-theora: a1e56fd34408186e4bbccfd4996cb3dc -> 
  custom:container-muxer-webm: aa71ff27fc2769a1b78a27578f13a17b -> 
  custom:container-demuxer-webm: 4f35f7cbe854078d1ac9338744f61a02 -> 
  custom:container-demuxer-ogg: 62fdf1f143b41e24485cea50d1cbac27 -> 
  custom:video-encoder-webm-vp8: eb34c28f22e8b96e1ab97ce403110664 -> 
  custom:video-decoder-webm-vp8: 9c59270c3fd7afecdb556c50c9e8de78 -> 
  custom:audio-decoder-ogg-vorbis: bf7c407c2cedff20999df2af8eb42d56 -> 
  custom:audio-encoder-webm-vorbis: bf7c407c2cedff20999df2af8eb42d56 -> 
========================================================================
Received Import Request.
  Time since last request: 64.813533 seconds.
  path: Assets/02.Script/PlayerGroundDetector.cs
  artifactKey: Guid(04e20c1db1b7eec409d181387ebbed7d) Importer(815301076,1909f56bfc062723c751e8b465ee728b)
Start importing Assets/02.Script/PlayerGroundDetector.cs using Guid(04e20c1db1b7eec409d181387ebbed7d) Importer(815301076,1909f56bfc062723c751e8b465ee728b)  -> (artifact id: 'af0d4eb90fe1ea91f75cd4e7ceac8344') in 0.003855 seconds 
  Import took 0.007021 seconds .

========================================================================
Received Prepare
Registering precompiled user dll's ...
Registered in 0.002931 seconds.
Begin MonoManager ReloadAssembly
Native extension for WindowsStandalone target not found
Refreshing native plugins compatible for Editor in 0.35 ms, found 3 plugins.
Preloading 0 native plugins for Editor in 0.00 ms.
Mono: successfully reloaded assembly
- Completed reload, in  0.681 seconds
Domain Reload Profiling:
	ReloadAssembly (681ms)
		BeginReloadAssembly (81ms)
			ExecutionOrderSort (0ms)
			DisableScriptedObjects (4ms)
			BackupInstance (0ms)
			ReleaseScriptingObjects (0ms)
			CreateAndSetChildDomain (25ms)
		EndReloadAssembly (563ms)
			LoadAssemblies (57ms)
			RebuildTransferFunctionScriptingTraits (0ms)
			SetupTypeCache (201ms)
			ReleaseScriptCaches (1ms)
			RebuildScriptCaches (28ms)
			SetupLoadedEditorAssemblies (211ms)
				LogAssemblyErrors (0ms)
				InitializePlatformSupportModulesInManaged (3ms)
				SetLoadedEditorAssemblies (0ms)
				RefreshPlugins (0ms)
				BeforeProcessingInitializeOnLoad (57ms)
				ProcessInitializeOnLoadAttributes (140ms)
				ProcessInitializeOnLoadMethodAttributes (8ms)
				AfterProcessingInitializeOnLoad (2ms)
				EditorAssembliesLoaded (0ms)
			ExecutionOrderSort2 (0ms)
			AwakeInstancesAfterBackupRestoration (6ms)
Platform modules already initialized, skipping
Refreshing native plugins compatible for Editor in 0.33 ms, found 3 plugins.
Preloading 0 native plugins for Editor in 0.00 ms.
Unloading 2188 Unused Serialized files (Serialized files now loaded: 0)
System memory in use before: 96.1 MB.
System memory in use after: 96.2 MB.

Unloading 17 unused Assets to reduce memory usage. Loaded Objects now: 2642.
Total: 2.083400 ms (FindLiveObjects: 0.121200 ms CreateObjectMapping: 0.042700 ms MarkObjects: 1.907200 ms  DeleteObjects: 0.011600 ms)

AssetImportParameters requested are different than current active one (requested -> active):
  custom:framework-win-MediaFoundation: 216162199b28c13a410421893ffa2e32 -> 
  custom:video-decoder-ogg-theora: a1e56fd34408186e4bbccfd4996cb3dc -> 
  custom:container-muxer-webm: aa71ff27fc2769a1b78a27578f13a17b -> 
  custom:container-demuxer-webm: 4f35f7cbe854078d1ac9338744f61a02 -> 
  custom:container-demuxer-ogg: 62fdf1f143b41e24485cea50d1cbac27 -> 
  custom:video-encoder-webm-vp8: eb34c28f22e8b96e1ab97ce403110664 -> 
  custom:video-decoder-webm-vp8: 9c59270c3fd7afecdb556c50c9e8de78 -> 
  custom:audio-decoder-ogg-vorbis: bf7c407c2cedff20999df2af8eb42d56 -> 
  custom:audio-encoder-webm-vorbis: bf7c407c2cedff20999df2af8eb42d56 -> 
========================================================================
Received Prepare
Registering precompiled user dll's ...
Registered in 0.001673 seconds.
Begin MonoManager ReloadAssembly
Native extension for WindowsStandalone target not found
Refreshing native plugins compatible for Editor in 0.55 ms, found 3 plugins.
Preloading 0 native plugins for Editor in 0.00 ms.
Mono: successfully reloaded assembly
- Completed reload, in  0.634 seconds
Domain Reload Profiling:
	ReloadAssembly (634ms)
		BeginReloadAssembly (75ms)
			ExecutionOrderSort (0ms)
			DisableScriptedObjects (4ms)
			BackupInstance (0ms)
			ReleaseScriptingObjects (0ms)
			CreateAndSetChildDomain (28ms)
		EndReloadAssembly (518ms)
			LoadAssemblies (52ms)
			RebuildTransferFunctionScriptingTraits (0ms)
			SetupTypeCache (188ms)
			ReleaseScriptCaches (1ms)
			RebuildScriptCaches (26ms)
			SetupLoadedEditorAssemblies (191ms)
				LogAssemblyErrors (0ms)
				InitializePlatformSupportModulesInManaged (3ms)
				SetLoadedEditorAssemblies (0ms)
				RefreshPlugins (1ms)
				BeforeProcessingInitializeOnLoad (51ms)
				ProcessInitializeOnLoadAttributes (127ms)
				ProcessInitializeOnLoadMethodAttributes (7ms)
				AfterProcessingInitializeOnLoad (2ms)
				EditorAssembliesLoaded (0ms)
			ExecutionOrderSort2 (0ms)
			AwakeInstancesAfterBackupRestoration (6ms)
Platform modules already initialized, skipping
Refreshing native plugins compatible for Editor in 0.30 ms, found 3 plugins.
Preloading 0 native plugins for Editor in 0.00 ms.
Unloading 2188 Unused Serialized files (Serialized files now loaded: 0)
System memory in use before: 96.1 MB.
System memory in use after: 96.2 MB.

Unloading 17 unused Assets to reduce memory usage. Loaded Objects now: 2644.
Total: 1.933200 ms (FindLiveObjects: 0.123600 ms CreateObjectMapping: 0.043900 ms MarkObjects: 1.752900 ms  DeleteObjects: 0.012200 ms)

AssetImportParameters requested are different than current active one (requested -> active):
  custom:framework-win-MediaFoundation: 216162199b28c13a410421893ffa2e32 -> 
  custom:video-decoder-ogg-theora: a1e56fd34408186e4bbccfd4996cb3dc -> 
  custom:container-muxer-webm: aa71ff27fc2769a1b78a27578f13a17b -> 
  custom:container-demuxer-webm: 4f35f7cbe854078d1ac9338744f61a02 -> 
  custom:container-demuxer-ogg: 62fdf1f143b41e24485cea50d1cbac27 -> 
  custom:video-encoder-webm-vp8: eb34c28f22e8b96e1ab97ce403110664 -> 
  custom:video-decoder-webm-vp8: 9c59270c3fd7afecdb556c50c9e8de78 -> 
  custom:audio-decoder-ogg-vorbis: bf7c407c2cedff20999df2af8eb42d56 -> 
  custom:audio-encoder-webm-vorbis: bf7c407c2cedff20999df2af8eb42d56 -> 
========================================================================
Received Import Request.
  Time since last request: 918.186350 seconds.
  path: Packages/com.unity.2d.spriteshape/Editor/ObjectMenuCreation/DefaultAssets/Sprite Shapes/Closed Sprite Shape.prefab
  artifactKey: Guid(c0583b4e855c74b8c82e7b9b5efb5ce9) Importer(815301076,1909f56bfc062723c751e8b465ee728b)
Start importing Packages/com.unity.2d.spriteshape/Editor/ObjectMenuCreation/DefaultAssets/Sprite Shapes/Closed Sprite Shape.prefab using Guid(c0583b4e855c74b8c82e7b9b5efb5ce9) Importer(815301076,1909f56bfc062723c751e8b465ee728b)  -> (artifact id: '2d633a999cd0db5a929fdc6b8a7f437c') in 0.063298 seconds 
  Import took 0.065771 seconds .

========================================================================
Received Import Request.
  Time since last request: 0.000176 seconds.
  path: Packages/com.unity.2d.spriteshape/Editor/ObjectMenuCreation/DefaultAssets/Sprite Shapes/Open Sprite Shape.prefab
  artifactKey: Guid(86ae7de409eb54f619fb1328e4d42480) Importer(815301076,1909f56bfc062723c751e8b465ee728b)
Start importing Packages/com.unity.2d.spriteshape/Editor/ObjectMenuCreation/DefaultAssets/Sprite Shapes/Open Sprite Shape.prefab using Guid(86ae7de409eb54f619fb1328e4d42480) Importer(815301076,1909f56bfc062723c751e8b465ee728b)  -> (artifact id: 'c78a7b90d603d0a33c7b4e3280488626') in 0.006896 seconds 
  Import took 0.009434 seconds .

========================================================================
Received Import Request.
  Time since last request: 23.587109 seconds.
  path: Assets/03.Prefabs
  artifactKey: Guid(cce2cedd436814545b2c0d52d14ea98c) Importer(815301076,1909f56bfc062723c751e8b465ee728b)
Start importing Assets/03.Prefabs using Guid(cce2cedd436814545b2c0d52d14ea98c) Importer(815301076,1909f56bfc062723c751e8b465ee728b)  -> (artifact id: '7e8fb9d0eeda6beedafe13c9d080da2d') in 0.003193 seconds 
  Import took 0.005718 seconds .

========================================================================
Received Import Request.
  Time since last request: 4.173015 seconds.
  path: Assets/03.Prefabs/New Folder
  artifactKey: Guid(12bc1a7c02a7540439891bb188c35116) Importer(815301076,1909f56bfc062723c751e8b465ee728b)
Start importing Assets/03.Prefabs/New Folder using Guid(12bc1a7c02a7540439891bb188c35116) Importer(815301076,1909f56bfc062723c751e8b465ee728b)  -> (artifact id: '982217047f9a11405dae4c48dae01a07') in 0.001045 seconds 
  Import took 0.003518 seconds .

========================================================================
Received Import Request.
  Time since last request: 0.550236 seconds.
  path: Assets/03.Prefabs/New Folder/Slug.prefab
  artifactKey: Guid(ceb13124c34146a45bb1e6b011266c44) Importer(815301076,1909f56bfc062723c751e8b465ee728b)
Start importing Assets/03.Prefabs/New Folder/Slug.prefab using Guid(ceb13124c34146a45bb1e6b011266c44) Importer(815301076,1909f56bfc062723c751e8b465ee728b)  -> (artifact id: 'b6c717fc13de061e7d2e48e02ee4f32f') in 0.006318 seconds 
  Import took 0.009240 seconds .

========================================================================
Received Import Request.
  Time since last request: 47.022653 seconds.
  path: Assets/03.Prefabs/New Folder/Slug.prefab
  artifactKey: Guid(ceb13124c34146a45bb1e6b011266c44) Importer(815301076,1909f56bfc062723c751e8b465ee728b)
Start importing Assets/03.Prefabs/New Folder/Slug.prefab using Guid(ceb13124c34146a45bb1e6b011266c44) Importer(815301076,1909f56bfc062723c751e8b465ee728b)  -> (artifact id: 'f022ef22d43dfb729ff351e5d9b90302') in 0.009462 seconds 
  Import took 0.012284 seconds .

========================================================================
Received Import Request.
  Time since last request: 31.174548 seconds.
  path: Assets/03.Prefabs/New Folder/Slug.prefab
  artifactKey: Guid(ceb13124c34146a45bb1e6b011266c44) Importer(815301076,1909f56bfc062723c751e8b465ee728b)
Start importing Assets/03.Prefabs/New Folder/Slug.prefab using Guid(ceb13124c34146a45bb1e6b011266c44) Importer(815301076,1909f56bfc062723c751e8b465ee728b)  -> (artifact id: 'b162ab918fac6d38fdeb8298c9b8275a') in 0.014827 seconds 
  Import took 0.017721 seconds .

========================================================================
Received Import Request.
  Time since last request: 26.412324 seconds.
  path: Assets/03.Prefabs/New Folder/Slug.prefab
  artifactKey: Guid(ceb13124c34146a45bb1e6b011266c44) Importer(815301076,1909f56bfc062723c751e8b465ee728b)
Start importing Assets/03.Prefabs/New Folder/Slug.prefab using Guid(ceb13124c34146a45bb1e6b011266c44) Importer(815301076,1909f56bfc062723c751e8b465ee728b)  -> (artifact id: 'e6375577bb38324d9eb057574bcd4d48') in 0.006907 seconds 
  Import took 0.009658 seconds .

========================================================================
Received Import Request.
  Time since last request: 822.266544 seconds.
  path: Assets/Scenes/SampleScene.unity
  artifactKey: Guid(2cda990e2423bbf4892e6590ba056729) Importer(815301076,1909f56bfc062723c751e8b465ee728b)
Start importing Assets/Scenes/SampleScene.unity using Guid(2cda990e2423bbf4892e6590ba056729) Importer(815301076,1909f56bfc062723c751e8b465ee728b)  -> (artifact id: '15c43ef8074f399f9c03d8e414ebc294') in 0.001669 seconds 
  Import took 0.004714 seconds .

========================================================================
Received Import Request.
  Time since last request: 11.998391 seconds.
  path: Assets/Scenes/SampleScene.unity
  artifactKey: Guid(2cda990e2423bbf4892e6590ba056729) Importer(815301076,1909f56bfc062723c751e8b465ee728b)
Start importing Assets/Scenes/SampleScene.unity using Guid(2cda990e2423bbf4892e6590ba056729) Importer(815301076,1909f56bfc062723c751e8b465ee728b)  -> (artifact id: '0b64fc3384c2fd2ad4abe89a031c638d') in 0.001622 seconds 
  Import took 0.004687 seconds .

AssetImportWorkerClient::OnTransportError - code=2 error=End of file
